<?xml version="1.0" encoding="UTF-8"?>
<!-- Generated by org.testng.reporters.JUnitXMLReporter -->
<testsuite ignored="0" hostname="HP-PC" failures="0" tests="4" name="Default test" time="0.102" errors="0" timestamp="2023-05-09T14:45:14 EEST">
  <testcase classname="testNgSTuff.FlightBookingTest" name="SignUp" time="0.02"/>
  <testcase classname="testNgSTuff.FlightBookingTest" name="Login" time="0.002"/>
  <testcase classname="testNgSTuff.FlightBookingTest" name="SearchForFlight" time="0.003"/>
  <testcase classname="testNgSTuff.FlightBookingTest" name="Booking" time="0.005"/>
</testsuite> <!-- Default test -->
