<?xml version="1.0" encoding="UTF-8"?>
<!-- Generated by org.testng.reporters.JUnitXMLReporter -->
<testsuite ignored="2" hostname="HP-PC" failures="0" tests="1" name="test1" time="0.083" errors="0" timestamp="2023-05-10T10:23:10 EEST">
  <testcase classname="testNgSTuff.groups.FirstTestGrouping" name="Test3" time="0.021"/>
  <testcase classname="testNgSTuff.groups.FirstTestGrouping" name="Test2" time="0.0">
    <ignored/>
  </testcase> <!-- Test2 -->
  <testcase classname="testNgSTuff.groups.FirstTestGrouping" name="Test1" time="0.0">
    <ignored/>
  </testcase> <!-- Test1 -->
</testsuite> <!-- test1 -->
