<?xml version="1.0" encoding="UTF-8"?>
<testng-results ignored="2" total="3" passed="1" failed="0" skipped="0">
  <reporter-output>
  </reporter-output>
  <suite started-at="2023-05-10T10:23:10 EEST" name="Suite" finished-at="2023-05-10T10:23:10 EEST" duration-ms="83">
    <groups>
      <group name="functional">
        <method signature="FirstTestGrouping.Test3()[pri:0, instance:testNgSTuff.groups.FirstTestGrouping@47d9a273]" name="Test3" class="testNgSTuff.groups.FirstTestGrouping"/>
      </group> <!-- functional -->
      <group name="regression">
        <method signature="FirstTestGrouping.Test3()[pri:0, instance:testNgSTuff.groups.FirstTestGrouping@47d9a273]" name="Test3" class="testNgSTuff.groups.FirstTestGrouping"/>
      </group> <!-- regression -->
      <group name="smoke">
        <method signature="FirstTestGrouping.Test3()[pri:0, instance:testNgSTuff.groups.FirstTestGrouping@47d9a273]" name="Test3" class="testNgSTuff.groups.FirstTestGrouping"/>
      </group> <!-- smoke -->
      <group name="sanity">
        <method signature="FirstTestGrouping.Test3()[pri:0, instance:testNgSTuff.groups.FirstTestGrouping@47d9a273]" name="Test3" class="testNgSTuff.groups.FirstTestGrouping"/>
      </group> <!-- sanity -->
    </groups>
    <test started-at="2023-05-10T10:23:10 EEST" name="test1" finished-at="2023-05-10T10:23:10 EEST" duration-ms="83">
      <class name="testNgSTuff.groups.FirstTestGrouping">
        <test-method signature="Test3()[pri:0, instance:testNgSTuff.groups.FirstTestGrouping@47d9a273]" started-at="2023-05-10T10:23:10 EEST" name="Test3" finished-at="2023-05-10T10:23:10 EEST" duration-ms="21" status="PASS">
          <reporter-output>
          </reporter-output>
        </test-method> <!-- Test3 -->
      </class> <!-- testNgSTuff.groups.FirstTestGrouping -->
    </test> <!-- test1 -->
  </suite> <!-- Suite -->
</testng-results>
